test.obj : error LNK2019: 无法解析的外部符号 print，函数 main 中引用了该符号
D:\MyProgram\bond-C-\2025_10_21\x64\Debug\2025_10_21.exe : fatal error LNK1120: 1 个无法解析的外部命令
